{"C:\\Users\\johng\\feedbackend\\index.js": {"path":"C:\\Users\\johng\\feedbackend\\index.js","statementMap":{"0":{"start":{"line":2,"column":16},"end":{"line":2,"column":34}},"1":{"start":{"line":4,"column":12},"end":{"line":4,"column":21}},"2":{"start":{"line":6,"column":0},"end":{"line":6,"column":29}},"3":{"start":{"line":7,"column":0},"end":{"line":7,"column":32}},"4":{"start":{"line":8,"column":0},"end":{"line":8,"column":25}},"5":{"start":{"line":9,"column":0},"end":{"line":9,"column":29}},"6":{"start":{"line":10,"column":0},"end":{"line":10,"column":33}},"7":{"start":{"line":13,"column":13},"end":{"line":13,"column":37}},"8":{"start":{"line":14,"column":15},"end":{"line":14,"column":76}},"9":{"start":{"line":14,"column":38},"end":{"line":14,"column":75}},"10":{"start":{"line":16,"column":0},"end":{"line":16,"column":23}}},"fnMap":{"0":{"name":"(anonymous_0)","decl":{"start":{"line":14,"column":32},"end":{"line":14,"column":33}},"loc":{"start":{"line":14,"column":38},"end":{"line":14,"column":75}},"line":14}},"branchMap":{"0":{"loc":{"start":{"line":13,"column":13},"end":{"line":13,"column":37}},"type":"binary-expr","locations":[{"start":{"line":13,"column":13},"end":{"line":13,"column":29}},{"start":{"line":13,"column":33},"end":{"line":13,"column":37}}],"line":13}},"s":{"0":2,"1":2,"2":2,"3":2,"4":2,"5":2,"6":2,"7":2,"8":2,"9":2,"10":2},"f":{"0":2},"b":{"0":[2,2]},"_coverageSchema":"1a1c01bbd47fc00a2c39e90264f33305004495a9","hash":"a2f20aa3060e5c24a34c27a65593cdcb447fed86"}
,"C:\\Users\\johng\\feedbackend\\middleware\\error.js": {"path":"C:\\Users\\johng\\feedbackend\\middleware\\error.js","statementMap":{"0":{"start":{"line":1,"column":16},"end":{"line":1,"column":34}},"1":{"start":{"line":5,"column":0},"end":{"line":9,"column":1}},"2":{"start":{"line":7,"column":2},"end":{"line":7,"column":33}},"3":{"start":{"line":8,"column":2},"end":{"line":8,"column":43}}},"fnMap":{"0":{"name":"(anonymous_0)","decl":{"start":{"line":5,"column":17},"end":{"line":5,"column":18}},"loc":{"start":{"line":5,"column":48},"end":{"line":9,"column":1}},"line":5}},"branchMap":{},"s":{"0":2,"1":2,"2":5,"3":5},"f":{"0":5},"b":{},"_coverageSchema":"1a1c01bbd47fc00a2c39e90264f33305004495a9","hash":"34f58a8b19cc876bc763d3f1243702b7a901f551"}
,"C:\\Users\\johng\\feedbackend\\middleware\\validateobjectIds.js": {"path":"C:\\Users\\johng\\feedbackend\\middleware\\validateobjectIds.js","statementMap":{"0":{"start":{"line":1,"column":17},"end":{"line":1,"column":36}},"1":{"start":{"line":3,"column":0},"end":{"line":8,"column":1}},"2":{"start":{"line":5,"column":2},"end":{"line":6,"column":38}},"3":{"start":{"line":6,"column":4},"end":{"line":6,"column":38}},"4":{"start":{"line":7,"column":2},"end":{"line":7,"column":8}}},"fnMap":{"0":{"name":"(anonymous_0)","decl":{"start":{"line":3,"column":17},"end":{"line":3,"column":18}},"loc":{"start":{"line":3,"column":43},"end":{"line":8,"column":1}},"line":3}},"branchMap":{"0":{"loc":{"start":{"line":5,"column":2},"end":{"line":6,"column":38}},"type":"if","locations":[{"start":{"line":5,"column":2},"end":{"line":6,"column":38}},{"start":{},"end":{}}],"line":5}},"s":{"0":2,"1":2,"2":20,"3":5,"4":20},"f":{"0":20},"b":{"0":[5,15]},"_coverageSchema":"1a1c01bbd47fc00a2c39e90264f33305004495a9","hash":"bb544b5f23aec14176b4cd177019cd0054de9a25"}
,"C:\\Users\\johng\\feedbackend\\models\\category.js": {"path":"C:\\Users\\johng\\feedbackend\\models\\category.js","statementMap":{"0":{"start":{"line":1,"column":17},"end":{"line":1,"column":36}},"1":{"start":{"line":2,"column":12},"end":{"line":2,"column":26}},"2":{"start":{"line":4,"column":23},"end":{"line":6,"column":2}},"3":{"start":{"line":8,"column":17},"end":{"line":8,"column":59}},"4":{"start":{"line":12,"column":25},"end":{"line":18,"column":1}},"5":{"start":{"line":13,"column":17},"end":{"line":15,"column":3}},"6":{"start":{"line":17,"column":2},"end":{"line":17,"column":34}},"7":{"start":{"line":21,"column":0},"end":{"line":21,"column":27}},"8":{"start":{"line":22,"column":0},"end":{"line":22,"column":35}},"9":{"start":{"line":23,"column":0},"end":{"line":23,"column":39}}},"fnMap":{"0":{"name":"(anonymous_0)","decl":{"start":{"line":12,"column":25},"end":{"line":12,"column":26}},"loc":{"start":{"line":12,"column":39},"end":{"line":18,"column":1}},"line":12}},"branchMap":{},"s":{"0":2,"1":2,"2":2,"3":2,"4":2,"5":8,"6":8,"7":2,"8":2,"9":2},"f":{"0":8},"b":{},"_coverageSchema":"1a1c01bbd47fc00a2c39e90264f33305004495a9","hash":"3dcd62f97cbc51130aa56f1f352cd73678e92cdb"}
,"C:\\Users\\johng\\feedbackend\\models\\comment.js": {"path":"C:\\Users\\johng\\feedbackend\\models\\comment.js","statementMap":{"0":{"start":{"line":1,"column":17},"end":{"line":1,"column":36}},"1":{"start":{"line":2,"column":12},"end":{"line":2,"column":26}},"2":{"start":{"line":4,"column":12},"end":{"line":4,"column":49}},"3":{"start":{"line":6,"column":22},"end":{"line":21,"column":2}},"4":{"start":{"line":25,"column":16},"end":{"line":25,"column":56}},"5":{"start":{"line":29,"column":24},"end":{"line":39,"column":1}},"6":{"start":{"line":30,"column":17},"end":{"line":36,"column":3}},"7":{"start":{"line":38,"column":2},"end":{"line":38,"column":33}},"8":{"start":{"line":42,"column":0},"end":{"line":42,"column":25}},"9":{"start":{"line":43,"column":0},"end":{"line":43,"column":41}}},"fnMap":{"0":{"name":"(anonymous_0)","decl":{"start":{"line":29,"column":24},"end":{"line":29,"column":25}},"loc":{"start":{"line":29,"column":37},"end":{"line":39,"column":1}},"line":29}},"branchMap":{},"s":{"0":2,"1":2,"2":2,"3":2,"4":2,"5":2,"6":0,"7":0,"8":2,"9":2},"f":{"0":0},"b":{},"_coverageSchema":"1a1c01bbd47fc00a2c39e90264f33305004495a9","hash":"e4236158d51fa98bc84bd2150682a19304d76427"}
,"C:\\Users\\johng\\feedbackend\\models\\suggestion.js": {"path":"C:\\Users\\johng\\feedbackend\\models\\suggestion.js","statementMap":{"0":{"start":{"line":1,"column":17},"end":{"line":1,"column":36}},"1":{"start":{"line":2,"column":12},"end":{"line":2,"column":26}},"2":{"start":{"line":3,"column":22},"end":{"line":3,"column":42}},"3":{"start":{"line":4,"column":25},"end":{"line":4,"column":46}},"4":{"start":{"line":7,"column":25},"end":{"line":14,"column":2}},"5":{"start":{"line":17,"column":0},"end":{"line":20,"column":2}},"6":{"start":{"line":18,"column":18},"end":{"line":18,"column":33}},"7":{"start":{"line":19,"column":2},"end":{"line":19,"column":50}},"8":{"start":{"line":22,"column":19},"end":{"line":22,"column":65}},"9":{"start":{"line":26,"column":27},"end":{"line":37,"column":1}},"10":{"start":{"line":27,"column":17},"end":{"line":34,"column":3}},"11":{"start":{"line":36,"column":2},"end":{"line":36,"column":36}},"12":{"start":{"line":40,"column":0},"end":{"line":40,"column":31}},"13":{"start":{"line":41,"column":0},"end":{"line":41,"column":37}}},"fnMap":{"0":{"name":"(anonymous_0)","decl":{"start":{"line":17,"column":33},"end":{"line":17,"column":34}},"loc":{"start":{"line":17,"column":50},"end":{"line":20,"column":1}},"line":17},"1":{"name":"(anonymous_1)","decl":{"start":{"line":26,"column":27},"end":{"line":26,"column":28}},"loc":{"start":{"line":26,"column":43},"end":{"line":37,"column":1}},"line":26}},"branchMap":{},"s":{"0":2,"1":2,"2":2,"3":2,"4":2,"5":2,"6":1,"7":1,"8":2,"9":2,"10":11,"11":11,"12":2,"13":2},"f":{"0":1,"1":11},"b":{},"_coverageSchema":"1a1c01bbd47fc00a2c39e90264f33305004495a9","hash":"dac8b7ca0d5902eddfbe14d7229848b457d79ddd"}
,"C:\\Users\\johng\\feedbackend\\models\\user.js": {"path":"C:\\Users\\johng\\feedbackend\\models\\user.js","statementMap":{"0":{"start":{"line":1,"column":17},"end":{"line":1,"column":36}},"1":{"start":{"line":2,"column":12},"end":{"line":2,"column":26}},"2":{"start":{"line":3,"column":21},"end":{"line":3,"column":44}},"3":{"start":{"line":4,"column":15},"end":{"line":4,"column":32}},"4":{"start":{"line":6,"column":12},"end":{"line":6,"column":49}},"5":{"start":{"line":7,"column":19},"end":{"line":12,"column":2}},"6":{"start":{"line":15,"column":0},"end":{"line":17,"column":1}},"7":{"start":{"line":16,"column":1},"end":{"line":16,"column":72}},"8":{"start":{"line":19,"column":13},"end":{"line":19,"column":47}},"9":{"start":{"line":21,"column":21},"end":{"line":30,"column":1}},"10":{"start":{"line":22,"column":17},"end":{"line":27,"column":3}},"11":{"start":{"line":29,"column":2},"end":{"line":29,"column":30}},"12":{"start":{"line":33,"column":0},"end":{"line":33,"column":19}},"13":{"start":{"line":34,"column":0},"end":{"line":34,"column":31}},"14":{"start":{"line":35,"column":0},"end":{"line":35,"column":31}}},"fnMap":{"0":{"name":"(anonymous_0)","decl":{"start":{"line":15,"column":39},"end":{"line":15,"column":40}},"loc":{"start":{"line":15,"column":50},"end":{"line":17,"column":1}},"line":15},"1":{"name":"(anonymous_1)","decl":{"start":{"line":21,"column":21},"end":{"line":21,"column":22}},"loc":{"start":{"line":21,"column":31},"end":{"line":30,"column":1}},"line":21}},"branchMap":{},"s":{"0":2,"1":2,"2":2,"3":2,"4":2,"5":2,"6":2,"7":0,"8":2,"9":2,"10":0,"11":0,"12":2,"13":2,"14":2},"f":{"0":0,"1":0},"b":{},"_coverageSchema":"1a1c01bbd47fc00a2c39e90264f33305004495a9","hash":"127d8738b9aaa923c780f4288fd73d95ca132336"}
,"C:\\Users\\johng\\feedbackend\\routes\\auth.js": {"path":"C:\\Users\\johng\\feedbackend\\routes\\auth.js","statementMap":{"0":{"start":{"line":1,"column":16},"end":{"line":1,"column":34}},"1":{"start":{"line":2,"column":12},"end":{"line":2,"column":26}},"2":{"start":{"line":3,"column":15},"end":{"line":3,"column":32}},"3":{"start":{"line":4,"column":15},"end":{"line":4,"column":40}},"4":{"start":{"line":7,"column":15},"end":{"line":7,"column":31}},"5":{"start":{"line":11,"column":0},"end":{"line":23,"column":2}},"6":{"start":{"line":12,"column":20},"end":{"line":12,"column":38}},"7":{"start":{"line":13,"column":2},"end":{"line":13,"column":55}},"8":{"start":{"line":13,"column":13},"end":{"line":13,"column":55}},"9":{"start":{"line":15,"column":13},"end":{"line":15,"column":64}},"10":{"start":{"line":16,"column":2},"end":{"line":16,"column":70}},"11":{"start":{"line":16,"column":13},"end":{"line":16,"column":70}},"12":{"start":{"line":18,"column":24},"end":{"line":18,"column":78}},"13":{"start":{"line":19,"column":2},"end":{"line":19,"column":78}},"14":{"start":{"line":19,"column":22},"end":{"line":19,"column":78}},"15":{"start":{"line":21,"column":16},"end":{"line":21,"column":40}},"16":{"start":{"line":22,"column":2},"end":{"line":22,"column":17}},"17":{"start":{"line":26,"column":17},"end":{"line":33,"column":2}},"18":{"start":{"line":27,"column":18},"end":{"line":30,"column":4}},"19":{"start":{"line":32,"column":3},"end":{"line":32,"column":31}},"20":{"start":{"line":35,"column":0},"end":{"line":35,"column":23}}},"fnMap":{"0":{"name":"(anonymous_0)","decl":{"start":{"line":11,"column":17},"end":{"line":11,"column":18}},"loc":{"start":{"line":11,"column":37},"end":{"line":23,"column":1}},"line":11},"1":{"name":"(anonymous_1)","decl":{"start":{"line":26,"column":17},"end":{"line":26,"column":18}},"loc":{"start":{"line":26,"column":27},"end":{"line":33,"column":2}},"line":26}},"branchMap":{"0":{"loc":{"start":{"line":13,"column":2},"end":{"line":13,"column":55}},"type":"if","locations":[{"start":{"line":13,"column":2},"end":{"line":13,"column":55}},{"start":{},"end":{}}],"line":13},"1":{"loc":{"start":{"line":16,"column":2},"end":{"line":16,"column":70}},"type":"if","locations":[{"start":{"line":16,"column":2},"end":{"line":16,"column":70}},{"start":{},"end":{}}],"line":16},"2":{"loc":{"start":{"line":19,"column":2},"end":{"line":19,"column":78}},"type":"if","locations":[{"start":{"line":19,"column":2},"end":{"line":19,"column":78}},{"start":{},"end":{}}],"line":19}},"s":{"0":2,"1":2,"2":2,"3":2,"4":2,"5":2,"6":0,"7":0,"8":0,"9":0,"10":0,"11":0,"12":0,"13":0,"14":0,"15":0,"16":0,"17":2,"18":0,"19":0,"20":2},"f":{"0":0,"1":0},"b":{"0":[0,0],"1":[0,0],"2":[0,0]},"_coverageSchema":"1a1c01bbd47fc00a2c39e90264f33305004495a9","hash":"ba6d27ab28f3c592ac685f6cf7f53ba1c64dcae0"}
,"C:\\Users\\johng\\feedbackend\\routes\\categories.js": {"path":"C:\\Users\\johng\\feedbackend\\routes\\categories.js","statementMap":{"0":{"start":{"line":1,"column":16},"end":{"line":1,"column":34}},"1":{"start":{"line":2,"column":31},"end":{"line":2,"column":60}},"2":{"start":{"line":3,"column":25},"end":{"line":3,"column":67}},"3":{"start":{"line":5,"column":15},"end":{"line":5,"column":31}},"4":{"start":{"line":7,"column":0},"end":{"line":10,"column":2}},"5":{"start":{"line":8,"column":21},"end":{"line":8,"column":42}},"6":{"start":{"line":9,"column":2},"end":{"line":9,"column":22}},"7":{"start":{"line":12,"column":0},"end":{"line":21,"column":2}},"8":{"start":{"line":13,"column":20},"end":{"line":13,"column":38}},"9":{"start":{"line":14,"column":2},"end":{"line":14,"column":55}},"10":{"start":{"line":14,"column":13},"end":{"line":14,"column":55}},"11":{"start":{"line":16,"column":19},"end":{"line":18,"column":4}},"12":{"start":{"line":19,"column":2},"end":{"line":19,"column":23}},"13":{"start":{"line":20,"column":2},"end":{"line":20,"column":20}},"14":{"start":{"line":24,"column":0},"end":{"line":34,"column":2}},"15":{"start":{"line":25,"column":20},"end":{"line":25,"column":38}},"16":{"start":{"line":26,"column":2},"end":{"line":26,"column":55}},"17":{"start":{"line":26,"column":13},"end":{"line":26,"column":55}},"18":{"start":{"line":28,"column":19},"end":{"line":28,"column":108}},"19":{"start":{"line":30,"column":2},"end":{"line":30,"column":84}},"20":{"start":{"line":30,"column":17},"end":{"line":30,"column":84}},"21":{"start":{"line":32,"column":2},"end":{"line":32,"column":23}},"22":{"start":{"line":33,"column":2},"end":{"line":33,"column":20}},"23":{"start":{"line":37,"column":0},"end":{"line":42,"column":2}},"24":{"start":{"line":38,"column":19},"end":{"line":38,"column":57}},"25":{"start":{"line":39,"column":2},"end":{"line":39,"column":84}},"26":{"start":{"line":39,"column":17},"end":{"line":39,"column":84}},"27":{"start":{"line":41,"column":2},"end":{"line":41,"column":20}},"28":{"start":{"line":45,"column":0},"end":{"line":51,"column":2}},"29":{"start":{"line":47,"column":19},"end":{"line":47,"column":66}},"30":{"start":{"line":48,"column":2},"end":{"line":48,"column":84}},"31":{"start":{"line":48,"column":17},"end":{"line":48,"column":84}},"32":{"start":{"line":50,"column":2},"end":{"line":50,"column":20}},"33":{"start":{"line":53,"column":0},"end":{"line":53,"column":23}}},"fnMap":{"0":{"name":"(anonymous_0)","decl":{"start":{"line":7,"column":17},"end":{"line":7,"column":18}},"loc":{"start":{"line":7,"column":36},"end":{"line":10,"column":1}},"line":7},"1":{"name":"(anonymous_1)","decl":{"start":{"line":12,"column":17},"end":{"line":12,"column":18}},"loc":{"start":{"line":12,"column":37},"end":{"line":21,"column":1}},"line":12},"2":{"name":"(anonymous_2)","decl":{"start":{"line":24,"column":37},"end":{"line":24,"column":38}},"loc":{"start":{"line":24,"column":57},"end":{"line":34,"column":1}},"line":24},"3":{"name":"(anonymous_3)","decl":{"start":{"line":37,"column":37},"end":{"line":37,"column":38}},"loc":{"start":{"line":37,"column":57},"end":{"line":42,"column":1}},"line":37},"4":{"name":"(anonymous_4)","decl":{"start":{"line":45,"column":40},"end":{"line":45,"column":41}},"loc":{"start":{"line":45,"column":60},"end":{"line":51,"column":1}},"line":45}},"branchMap":{"0":{"loc":{"start":{"line":14,"column":2},"end":{"line":14,"column":55}},"type":"if","locations":[{"start":{"line":14,"column":2},"end":{"line":14,"column":55}},{"start":{},"end":{}}],"line":14},"1":{"loc":{"start":{"line":26,"column":2},"end":{"line":26,"column":55}},"type":"if","locations":[{"start":{"line":26,"column":2},"end":{"line":26,"column":55}},{"start":{},"end":{}}],"line":26},"2":{"loc":{"start":{"line":30,"column":2},"end":{"line":30,"column":84}},"type":"if","locations":[{"start":{"line":30,"column":2},"end":{"line":30,"column":84}},{"start":{},"end":{}}],"line":30},"3":{"loc":{"start":{"line":39,"column":2},"end":{"line":39,"column":84}},"type":"if","locations":[{"start":{"line":39,"column":2},"end":{"line":39,"column":84}},{"start":{},"end":{}}],"line":39},"4":{"loc":{"start":{"line":48,"column":2},"end":{"line":48,"column":84}},"type":"if","locations":[{"start":{"line":48,"column":2},"end":{"line":48,"column":84}},{"start":{},"end":{}}],"line":48}},"s":{"0":2,"1":2,"2":2,"3":2,"4":2,"5":1,"6":1,"7":2,"8":3,"9":3,"10":1,"11":2,"12":2,"13":2,"14":2,"15":5,"16":5,"17":1,"18":4,"19":3,"20":1,"21":2,"22":2,"23":2,"24":0,"25":0,"26":0,"27":0,"28":2,"29":3,"30":2,"31":1,"32":1,"33":2},"f":{"0":1,"1":3,"2":5,"3":0,"4":3},"b":{"0":[1,2],"1":[1,4],"2":[1,2],"3":[0,0],"4":[1,1]},"_coverageSchema":"1a1c01bbd47fc00a2c39e90264f33305004495a9","hash":"cd21e9055185efa31c0090c5c5cae399fd8c62a0"}
,"C:\\Users\\johng\\feedbackend\\routes\\comments.js": {"path":"C:\\Users\\johng\\feedbackend\\routes\\comments.js","statementMap":{"0":{"start":{"line":1,"column":16},"end":{"line":1,"column":34}},"1":{"start":{"line":2,"column":23},"end":{"line":2,"column":54}},"2":{"start":{"line":3,"column":37},"end":{"line":3,"column":65}},"3":{"start":{"line":4,"column":15},"end":{"line":4,"column":40}},"4":{"start":{"line":9,"column":15},"end":{"line":9,"column":31}},"5":{"start":{"line":11,"column":0},"end":{"line":14,"column":2}},"6":{"start":{"line":12,"column":19},"end":{"line":12,"column":68}},"7":{"start":{"line":13,"column":2},"end":{"line":13,"column":20}},"8":{"start":{"line":18,"column":0},"end":{"line":55,"column":2}},"9":{"start":{"line":20,"column":24},"end":{"line":20,"column":49}},"10":{"start":{"line":21,"column":6},"end":{"line":21,"column":70}},"11":{"start":{"line":21,"column":17},"end":{"line":21,"column":70}},"12":{"start":{"line":23,"column":6},"end":{"line":27,"column":7}},"13":{"start":{"line":24,"column":22},"end":{"line":24,"column":63}},"14":{"start":{"line":25,"column":8},"end":{"line":25,"column":79}},"15":{"start":{"line":25,"column":22},"end":{"line":25,"column":79}},"16":{"start":{"line":30,"column":25},"end":{"line":30,"column":65}},"17":{"start":{"line":31,"column":6},"end":{"line":31,"column":84}},"18":{"start":{"line":31,"column":23},"end":{"line":31,"column":84}},"19":{"start":{"line":33,"column":19},"end":{"line":33,"column":55}},"20":{"start":{"line":34,"column":6},"end":{"line":34,"column":70}},"21":{"start":{"line":34,"column":16},"end":{"line":34,"column":70}},"22":{"start":{"line":36,"column":6},"end":{"line":47,"column":8}},"23":{"start":{"line":49,"column":2},"end":{"line":49,"column":22}},"24":{"start":{"line":50,"column":2},"end":{"line":50,"column":35}},"25":{"start":{"line":51,"column":2},"end":{"line":51,"column":25}},"26":{"start":{"line":52,"column":6},"end":{"line":52,"column":23}},"27":{"start":{"line":58,"column":0},"end":{"line":66,"column":2}},"28":{"start":{"line":60,"column":18},"end":{"line":60,"column":71}},"29":{"start":{"line":61,"column":2},"end":{"line":61,"column":94}},"30":{"start":{"line":61,"column":16},"end":{"line":61,"column":94}},"31":{"start":{"line":62,"column":2},"end":{"line":62,"column":53}},"32":{"start":{"line":64,"column":2},"end":{"line":64,"column":33}},"33":{"start":{"line":74,"column":0},"end":{"line":74,"column":23}}},"fnMap":{"0":{"name":"(anonymous_0)","decl":{"start":{"line":11,"column":28},"end":{"line":11,"column":29}},"loc":{"start":{"line":11,"column":47},"end":{"line":14,"column":1}},"line":11},"1":{"name":"(anonymous_1)","decl":{"start":{"line":18,"column":29},"end":{"line":18,"column":30}},"loc":{"start":{"line":18,"column":49},"end":{"line":55,"column":1}},"line":18},"2":{"name":"(anonymous_2)","decl":{"start":{"line":58,"column":31},"end":{"line":58,"column":32}},"loc":{"start":{"line":58,"column":51},"end":{"line":66,"column":1}},"line":58}},"branchMap":{"0":{"loc":{"start":{"line":21,"column":6},"end":{"line":21,"column":70}},"type":"if","locations":[{"start":{"line":21,"column":6},"end":{"line":21,"column":70}},{"start":{},"end":{}}],"line":21},"1":{"loc":{"start":{"line":23,"column":6},"end":{"line":27,"column":7}},"type":"if","locations":[{"start":{"line":23,"column":6},"end":{"line":27,"column":7}},{"start":{},"end":{}}],"line":23},"2":{"loc":{"start":{"line":25,"column":8},"end":{"line":25,"column":79}},"type":"if","locations":[{"start":{"line":25,"column":8},"end":{"line":25,"column":79}},{"start":{},"end":{}}],"line":25},"3":{"loc":{"start":{"line":31,"column":6},"end":{"line":31,"column":84}},"type":"if","locations":[{"start":{"line":31,"column":6},"end":{"line":31,"column":84}},{"start":{},"end":{}}],"line":31},"4":{"loc":{"start":{"line":34,"column":6},"end":{"line":34,"column":70}},"type":"if","locations":[{"start":{"line":34,"column":6},"end":{"line":34,"column":70}},{"start":{},"end":{}}],"line":34},"5":{"loc":{"start":{"line":61,"column":2},"end":{"line":61,"column":94}},"type":"if","locations":[{"start":{"line":61,"column":2},"end":{"line":61,"column":94}},{"start":{},"end":{}}],"line":61}},"s":{"0":2,"1":2,"2":2,"3":2,"4":2,"5":2,"6":0,"7":0,"8":2,"9":0,"10":0,"11":0,"12":0,"13":0,"14":0,"15":0,"16":0,"17":0,"18":0,"19":0,"20":0,"21":0,"22":0,"23":0,"24":0,"25":0,"26":0,"27":2,"28":0,"29":0,"30":0,"31":0,"32":0,"33":2},"f":{"0":0,"1":0,"2":0},"b":{"0":[0,0],"1":[0,0],"2":[0,0],"3":[0,0],"4":[0,0],"5":[0,0]},"_coverageSchema":"1a1c01bbd47fc00a2c39e90264f33305004495a9","hash":"ca97dda271fac3fbe8e2525787a6ef44d1719151"}
,"C:\\Users\\johng\\feedbackend\\routes\\suggestions.js": {"path":"C:\\Users\\johng\\feedbackend\\routes\\suggestions.js","statementMap":{"0":{"start":{"line":1,"column":16},"end":{"line":1,"column":34}},"1":{"start":{"line":2,"column":17},"end":{"line":2,"column":36}},"2":{"start":{"line":3,"column":33},"end":{"line":3,"column":64}},"3":{"start":{"line":4,"column":22},"end":{"line":4,"column":51}},"4":{"start":{"line":5,"column":26},"end":{"line":5,"column":68}},"5":{"start":{"line":8,"column":15},"end":{"line":8,"column":31}},"6":{"start":{"line":10,"column":0},"end":{"line":13,"column":2}},"7":{"start":{"line":11,"column":22},"end":{"line":11,"column":45}},"8":{"start":{"line":12,"column":2},"end":{"line":12,"column":23}},"9":{"start":{"line":15,"column":0},"end":{"line":36,"column":2}},"10":{"start":{"line":16,"column":20},"end":{"line":16,"column":38}},"11":{"start":{"line":17,"column":2},"end":{"line":17,"column":66}},"12":{"start":{"line":17,"column":13},"end":{"line":17,"column":66}},"13":{"start":{"line":19,"column":19},"end":{"line":19,"column":63}},"14":{"start":{"line":20,"column":2},"end":{"line":20,"column":75}},"15":{"start":{"line":20,"column":17},"end":{"line":20,"column":75}},"16":{"start":{"line":23,"column":21},"end":{"line":32,"column":4}},"17":{"start":{"line":34,"column":2},"end":{"line":34,"column":25}},"18":{"start":{"line":35,"column":2},"end":{"line":35,"column":22}},"19":{"start":{"line":39,"column":0},"end":{"line":63,"column":2}},"20":{"start":{"line":41,"column":20},"end":{"line":41,"column":38}},"21":{"start":{"line":42,"column":2},"end":{"line":42,"column":66}},"22":{"start":{"line":42,"column":13},"end":{"line":42,"column":66}},"23":{"start":{"line":44,"column":19},"end":{"line":44,"column":63}},"24":{"start":{"line":45,"column":2},"end":{"line":45,"column":74}},"25":{"start":{"line":45,"column":17},"end":{"line":45,"column":74}},"26":{"start":{"line":47,"column":21},"end":{"line":57,"column":18}},"27":{"start":{"line":60,"column":2},"end":{"line":60,"column":72}},"28":{"start":{"line":60,"column":19},"end":{"line":60,"column":72}},"29":{"start":{"line":61,"column":2},"end":{"line":61,"column":25}},"30":{"start":{"line":62,"column":2},"end":{"line":62,"column":22}},"31":{"start":{"line":66,"column":0},"end":{"line":74,"column":2}},"32":{"start":{"line":68,"column":21},"end":{"line":68,"column":61}},"33":{"start":{"line":69,"column":2},"end":{"line":69,"column":82}},"34":{"start":{"line":69,"column":19},"end":{"line":69,"column":82}},"35":{"start":{"line":71,"column":2},"end":{"line":71,"column":28}},"36":{"start":{"line":72,"column":2},"end":{"line":72,"column":25}},"37":{"start":{"line":73,"column":2},"end":{"line":73,"column":22}},"38":{"start":{"line":77,"column":0},"end":{"line":81,"column":2}},"39":{"start":{"line":78,"column":21},"end":{"line":78,"column":61}},"40":{"start":{"line":79,"column":2},"end":{"line":79,"column":70}},"41":{"start":{"line":79,"column":19},"end":{"line":79,"column":70}},"42":{"start":{"line":80,"column":2},"end":{"line":80,"column":22}},"43":{"start":{"line":84,"column":0},"end":{"line":93,"column":2}},"44":{"start":{"line":86,"column":22},"end":{"line":86,"column":62}},"45":{"start":{"line":87,"column":2},"end":{"line":87,"column":70}},"46":{"start":{"line":87,"column":19},"end":{"line":87,"column":70}},"47":{"start":{"line":89,"column":2},"end":{"line":89,"column":50}},"48":{"start":{"line":91,"column":2},"end":{"line":91,"column":33}},"49":{"start":{"line":101,"column":0},"end":{"line":101,"column":23}}},"fnMap":{"0":{"name":"(anonymous_0)","decl":{"start":{"line":10,"column":16},"end":{"line":10,"column":17}},"loc":{"start":{"line":10,"column":35},"end":{"line":13,"column":1}},"line":10},"1":{"name":"(anonymous_1)","decl":{"start":{"line":15,"column":17},"end":{"line":15,"column":18}},"loc":{"start":{"line":15,"column":37},"end":{"line":36,"column":1}},"line":15},"2":{"name":"(anonymous_2)","decl":{"start":{"line":39,"column":38},"end":{"line":39,"column":39}},"loc":{"start":{"line":39,"column":58},"end":{"line":63,"column":1}},"line":39},"3":{"name":"(anonymous_3)","decl":{"start":{"line":66,"column":20},"end":{"line":66,"column":21}},"loc":{"start":{"line":66,"column":40},"end":{"line":74,"column":1}},"line":66},"4":{"name":"(anonymous_4)","decl":{"start":{"line":77,"column":38},"end":{"line":77,"column":39}},"loc":{"start":{"line":77,"column":58},"end":{"line":81,"column":1}},"line":77},"5":{"name":"(anonymous_5)","decl":{"start":{"line":84,"column":41},"end":{"line":84,"column":42}},"loc":{"start":{"line":84,"column":61},"end":{"line":93,"column":1}},"line":84}},"branchMap":{"0":{"loc":{"start":{"line":17,"column":2},"end":{"line":17,"column":66}},"type":"if","locations":[{"start":{"line":17,"column":2},"end":{"line":17,"column":66}},{"start":{},"end":{}}],"line":17},"1":{"loc":{"start":{"line":20,"column":2},"end":{"line":20,"column":75}},"type":"if","locations":[{"start":{"line":20,"column":2},"end":{"line":20,"column":75}},{"start":{},"end":{}}],"line":20},"2":{"loc":{"start":{"line":42,"column":2},"end":{"line":42,"column":66}},"type":"if","locations":[{"start":{"line":42,"column":2},"end":{"line":42,"column":66}},{"start":{},"end":{}}],"line":42},"3":{"loc":{"start":{"line":45,"column":2},"end":{"line":45,"column":74}},"type":"if","locations":[{"start":{"line":45,"column":2},"end":{"line":45,"column":74}},{"start":{},"end":{}}],"line":45},"4":{"loc":{"start":{"line":60,"column":2},"end":{"line":60,"column":72}},"type":"if","locations":[{"start":{"line":60,"column":2},"end":{"line":60,"column":72}},{"start":{},"end":{}}],"line":60},"5":{"loc":{"start":{"line":69,"column":2},"end":{"line":69,"column":82}},"type":"if","locations":[{"start":{"line":69,"column":2},"end":{"line":69,"column":82}},{"start":{},"end":{}}],"line":69},"6":{"loc":{"start":{"line":79,"column":2},"end":{"line":79,"column":70}},"type":"if","locations":[{"start":{"line":79,"column":2},"end":{"line":79,"column":70}},{"start":{},"end":{}}],"line":79},"7":{"loc":{"start":{"line":87,"column":2},"end":{"line":87,"column":70}},"type":"if","locations":[{"start":{"line":87,"column":2},"end":{"line":87,"column":70}},{"start":{},"end":{}}],"line":87}},"s":{"0":2,"1":2,"2":2,"3":2,"4":2,"5":2,"6":2,"7":1,"8":1,"9":2,"10":5,"11":5,"12":2,"13":3,"14":3,"15":1,"16":2,"17":2,"18":2,"19":2,"20":6,"21":6,"22":1,"23":5,"24":5,"25":1,"26":4,"27":3,"28":1,"29":2,"30":2,"31":2,"32":0,"33":0,"34":0,"35":0,"36":0,"37":0,"38":2,"39":3,"40":2,"41":1,"42":1,"43":2,"44":3,"45":2,"46":1,"47":1,"48":1,"49":2},"f":{"0":1,"1":5,"2":6,"3":0,"4":3,"5":3},"b":{"0":[2,3],"1":[1,2],"2":[1,5],"3":[1,4],"4":[1,2],"5":[0,0],"6":[1,1],"7":[1,1]},"_coverageSchema":"1a1c01bbd47fc00a2c39e90264f33305004495a9","hash":"f6a11dfb672ec8680bd220c8915703f98f226959"}
,"C:\\Users\\johng\\feedbackend\\routes\\users.js": {"path":"C:\\Users\\johng\\feedbackend\\routes\\users.js","statementMap":{"0":{"start":{"line":1,"column":16},"end":{"line":1,"column":34}},"1":{"start":{"line":2,"column":25},"end":{"line":2,"column":50}},"2":{"start":{"line":3,"column":15},"end":{"line":3,"column":32}},"3":{"start":{"line":5,"column":15},"end":{"line":5,"column":31}},"4":{"start":{"line":7,"column":0},"end":{"line":10,"column":2}},"5":{"start":{"line":8,"column":16},"end":{"line":8,"column":33}},"6":{"start":{"line":9,"column":2},"end":{"line":9,"column":17}},"7":{"start":{"line":12,"column":0},"end":{"line":33,"column":2}},"8":{"start":{"line":13,"column":20},"end":{"line":13,"column":38}},"9":{"start":{"line":14,"column":2},"end":{"line":14,"column":55}},"10":{"start":{"line":14,"column":13},"end":{"line":14,"column":55}},"11":{"start":{"line":16,"column":13},"end":{"line":16,"column":64}},"12":{"start":{"line":17,"column":2},"end":{"line":17,"column":66}},"13":{"start":{"line":17,"column":11},"end":{"line":17,"column":66}},"14":{"start":{"line":19,"column":2},"end":{"line":24,"column":4}},"15":{"start":{"line":26,"column":15},"end":{"line":26,"column":39}},"16":{"start":{"line":27,"column":2},"end":{"line":27,"column":56}},"17":{"start":{"line":28,"column":2},"end":{"line":28,"column":19}},"18":{"start":{"line":30,"column":16},"end":{"line":30,"column":40}},"19":{"start":{"line":31,"column":2},"end":{"line":31,"column":46}},"20":{"start":{"line":36,"column":0},"end":{"line":36,"column":23}}},"fnMap":{"0":{"name":"(anonymous_0)","decl":{"start":{"line":7,"column":16},"end":{"line":7,"column":17}},"loc":{"start":{"line":7,"column":35},"end":{"line":10,"column":1}},"line":7},"1":{"name":"(anonymous_1)","decl":{"start":{"line":12,"column":17},"end":{"line":12,"column":18}},"loc":{"start":{"line":12,"column":37},"end":{"line":33,"column":1}},"line":12}},"branchMap":{"0":{"loc":{"start":{"line":14,"column":2},"end":{"line":14,"column":55}},"type":"if","locations":[{"start":{"line":14,"column":2},"end":{"line":14,"column":55}},{"start":{},"end":{}}],"line":14},"1":{"loc":{"start":{"line":17,"column":2},"end":{"line":17,"column":66}},"type":"if","locations":[{"start":{"line":17,"column":2},"end":{"line":17,"column":66}},{"start":{},"end":{}}],"line":17}},"s":{"0":2,"1":2,"2":2,"3":2,"4":2,"5":0,"6":0,"7":2,"8":0,"9":0,"10":0,"11":0,"12":0,"13":0,"14":0,"15":0,"16":0,"17":0,"18":0,"19":0,"20":2},"f":{"0":0,"1":0},"b":{"0":[0,0],"1":[0,0]},"_coverageSchema":"1a1c01bbd47fc00a2c39e90264f33305004495a9","hash":"05ca51dbd2098f7066d06ef1084b639d787be96f"}
,"C:\\Users\\johng\\feedbackend\\startup\\config.js": {"path":"C:\\Users\\johng\\feedbackend\\startup\\config.js","statementMap":{"0":{"start":{"line":1,"column":15},"end":{"line":1,"column":32}},"1":{"start":{"line":4,"column":0},"end":{"line":9,"column":1}},"2":{"start":{"line":5,"column":2},"end":{"line":8,"column":3}},"3":{"start":{"line":6,"column":4},"end":{"line":6,"column":50}},"4":{"start":{"line":7,"column":4},"end":{"line":7,"column":19}}},"fnMap":{"0":{"name":"(anonymous_0)","decl":{"start":{"line":4,"column":17},"end":{"line":4,"column":18}},"loc":{"start":{"line":4,"column":23},"end":{"line":9,"column":1}},"line":4}},"branchMap":{"0":{"loc":{"start":{"line":5,"column":2},"end":{"line":8,"column":3}},"type":"if","locations":[{"start":{"line":5,"column":2},"end":{"line":8,"column":3}},{"start":{},"end":{}}],"line":5}},"s":{"0":2,"1":2,"2":2,"3":0,"4":0},"f":{"0":2},"b":{"0":[0,2]},"_coverageSchema":"1a1c01bbd47fc00a2c39e90264f33305004495a9","hash":"6793b27b1918652e012ebf30a824d5451aad03d2"}
,"C:\\Users\\johng\\feedbackend\\startup\\db.js": {"path":"C:\\Users\\johng\\feedbackend\\startup\\db.js","statementMap":{"0":{"start":{"line":1,"column":15},"end":{"line":1,"column":32}},"1":{"start":{"line":2,"column":17},"end":{"line":2,"column":36}},"2":{"start":{"line":3,"column":16},"end":{"line":3,"column":34}},"3":{"start":{"line":7,"column":0},"end":{"line":11,"column":1}},"4":{"start":{"line":8,"column":16},"end":{"line":8,"column":32}},"5":{"start":{"line":9,"column":2},"end":{"line":9,"column":88}},"6":{"start":{"line":9,"column":37},"end":{"line":9,"column":87}}},"fnMap":{"0":{"name":"(anonymous_0)","decl":{"start":{"line":7,"column":17},"end":{"line":7,"column":18}},"loc":{"start":{"line":7,"column":23},"end":{"line":11,"column":1}},"line":7},"1":{"name":"(anonymous_1)","decl":{"start":{"line":9,"column":31},"end":{"line":9,"column":32}},"loc":{"start":{"line":9,"column":37},"end":{"line":9,"column":87}},"line":9}},"branchMap":{},"s":{"0":2,"1":2,"2":2,"3":2,"4":2,"5":2,"6":2},"f":{"0":2,"1":2},"b":{},"_coverageSchema":"1a1c01bbd47fc00a2c39e90264f33305004495a9","hash":"409138539fd71010cd18a11847fc2ca4714ee73a"}
,"C:\\Users\\johng\\feedbackend\\startup\\logger.js": {"path":"C:\\Users\\johng\\feedbackend\\startup\\logger.js","statementMap":{"0":{"start":{"line":1,"column":0},"end":{"line":1,"column":31}},"1":{"start":{"line":2,"column":16},"end":{"line":2,"column":34}},"2":{"start":{"line":5,"column":0},"end":{"line":7,"column":1}},"3":{"start":{"line":6,"column":2},"end":{"line":6,"column":123}}},"fnMap":{"0":{"name":"(anonymous_0)","decl":{"start":{"line":5,"column":17},"end":{"line":5,"column":18}},"loc":{"start":{"line":5,"column":23},"end":{"line":7,"column":1}},"line":5}},"branchMap":{},"s":{"0":2,"1":2,"2":2,"3":2},"f":{"0":2},"b":{},"_coverageSchema":"1a1c01bbd47fc00a2c39e90264f33305004495a9","hash":"e3e952e9637f1083cdc0830b46bc9000eb754538"}
,"C:\\Users\\johng\\feedbackend\\startup\\routes.js": {"path":"C:\\Users\\johng\\feedbackend\\startup\\routes.js","statementMap":{"0":{"start":{"line":1,"column":13},"end":{"line":1,"column":28}},"1":{"start":{"line":2,"column":14},"end":{"line":2,"column":44}},"2":{"start":{"line":3,"column":16},"end":{"line":3,"column":34}},"3":{"start":{"line":5,"column":0},"end":{"line":16,"column":1}},"4":{"start":{"line":7,"column":2},"end":{"line":7,"column":25}},"5":{"start":{"line":8,"column":2},"end":{"line":8,"column":17}},"6":{"start":{"line":9,"column":2},"end":{"line":9,"column":61}},"7":{"start":{"line":10,"column":2},"end":{"line":10,"column":63}},"8":{"start":{"line":11,"column":2},"end":{"line":11,"column":60}},"9":{"start":{"line":12,"column":2},"end":{"line":12,"column":51}},"10":{"start":{"line":13,"column":2},"end":{"line":13,"column":49}},"11":{"start":{"line":14,"column":2},"end":{"line":14,"column":16}}},"fnMap":{"0":{"name":"(anonymous_0)","decl":{"start":{"line":5,"column":17},"end":{"line":5,"column":18}},"loc":{"start":{"line":5,"column":26},"end":{"line":16,"column":1}},"line":5}},"branchMap":{},"s":{"0":2,"1":2,"2":2,"3":2,"4":2,"5":2,"6":2,"7":2,"8":2,"9":2,"10":2,"11":2},"f":{"0":2},"b":{},"_coverageSchema":"1a1c01bbd47fc00a2c39e90264f33305004495a9","hash":"b7af1c76e3ca0c5053d8affa84dcb1fbc78f6a9c"}
,"C:\\Users\\johng\\feedbackend\\startup\\validation.js": {"path":"C:\\Users\\johng\\feedbackend\\startup\\validation.js","statementMap":{"0":{"start":{"line":1,"column":12},"end":{"line":1,"column":26}},"1":{"start":{"line":3,"column":0},"end":{"line":5,"column":1}},"2":{"start":{"line":4,"column":2},"end":{"line":4,"column":45}}},"fnMap":{"0":{"name":"(anonymous_0)","decl":{"start":{"line":3,"column":17},"end":{"line":3,"column":18}},"loc":{"start":{"line":3,"column":23},"end":{"line":5,"column":1}},"line":3}},"branchMap":{},"s":{"0":2,"1":2,"2":2},"f":{"0":2},"b":{},"_coverageSchema":"1a1c01bbd47fc00a2c39e90264f33305004495a9","hash":"fec30ee3cfc1e34eb3bed9abcc377dc858ae347c"}
}
