TN:
SF:index.js
FN:14,(anonymous_0)
FNF:1
FNH:1
FNDA:2,(anonymous_0)
DA:2,2
DA:4,2
DA:6,2
DA:7,2
DA:8,2
DA:9,2
DA:10,2
DA:13,2
DA:14,2
DA:16,2
LF:10
LH:10
BRDA:13,0,0,2
BRDA:13,0,1,2
BRF:2
BRH:2
end_of_record
TN:
SF:middleware\error.js
FN:5,(anonymous_0)
FNF:1
FNH:1
FNDA:5,(anonymous_0)
DA:1,2
DA:5,2
DA:7,5
DA:8,5
LF:4
LH:4
BRF:0
BRH:0
end_of_record
TN:
SF:middleware\validateobjectIds.js
FN:3,(anonymous_0)
FNF:1
FNH:1
FNDA:20,(anonymous_0)
DA:1,2
DA:3,2
DA:5,20
DA:6,5
DA:7,20
LF:5
LH:5
BRDA:5,0,0,5
BRDA:5,0,1,15
BRF:2
BRH:2
end_of_record
TN:
SF:models\category.js
FN:12,(anonymous_0)
FNF:1
FNH:1
FNDA:8,(anonymous_0)
DA:1,2
DA:2,2
DA:4,2
DA:8,2
DA:12,2
DA:13,8
DA:17,8
DA:21,2
DA:22,2
DA:23,2
LF:10
LH:10
BRF:0
BRH:0
end_of_record
TN:
SF:models\comment.js
FN:29,(anonymous_0)
FNF:1
FNH:0
FNDA:0,(anonymous_0)
DA:1,2
DA:2,2
DA:4,2
DA:6,2
DA:25,2
DA:29,2
DA:30,0
DA:38,0
DA:42,2
DA:43,2
LF:10
LH:8
BRF:0
BRH:0
end_of_record
TN:
SF:models\suggestion.js
FN:17,(anonymous_0)
FN:26,(anonymous_1)
FNF:2
FNH:2
FNDA:1,(anonymous_0)
FNDA:11,(anonymous_1)
DA:1,2
DA:2,2
DA:3,2
DA:4,2
DA:7,2
DA:17,2
DA:18,1
DA:19,1
DA:22,2
DA:26,2
DA:27,11
DA:36,11
DA:40,2
DA:41,2
LF:14
LH:14
BRF:0
BRH:0
end_of_record
TN:
SF:models\user.js
FN:15,(anonymous_0)
FN:21,(anonymous_1)
FNF:2
FNH:0
FNDA:0,(anonymous_0)
FNDA:0,(anonymous_1)
DA:1,2
DA:2,2
DA:3,2
DA:4,2
DA:6,2
DA:7,2
DA:15,2
DA:16,0
DA:19,2
DA:21,2
DA:22,0
DA:29,0
DA:33,2
DA:34,2
DA:35,2
LF:15
LH:12
BRF:0
BRH:0
end_of_record
TN:
SF:routes\auth.js
FN:11,(anonymous_0)
FN:26,(anonymous_1)
FNF:2
FNH:0
FNDA:0,(anonymous_0)
FNDA:0,(anonymous_1)
DA:1,2
DA:2,2
DA:3,2
DA:4,2
DA:7,2
DA:11,2
DA:12,0
DA:13,0
DA:15,0
DA:16,0
DA:18,0
DA:19,0
DA:21,0
DA:22,0
DA:26,2
DA:27,0
DA:32,0
DA:35,2
LF:18
LH:8
BRDA:13,0,0,0
BRDA:13,0,1,0
BRDA:16,1,0,0
BRDA:16,1,1,0
BRDA:19,2,0,0
BRDA:19,2,1,0
BRF:6
BRH:0
end_of_record
TN:
SF:routes\categories.js
FN:7,(anonymous_0)
FN:12,(anonymous_1)
FN:24,(anonymous_2)
FN:37,(anonymous_3)
FN:45,(anonymous_4)
FNF:5
FNH:4
FNDA:1,(anonymous_0)
FNDA:3,(anonymous_1)
FNDA:5,(anonymous_2)
FNDA:0,(anonymous_3)
FNDA:3,(anonymous_4)
DA:1,2
DA:2,2
DA:3,2
DA:5,2
DA:7,2
DA:8,1
DA:9,1
DA:12,2
DA:13,3
DA:14,3
DA:16,2
DA:19,2
DA:20,2
DA:24,2
DA:25,5
DA:26,5
DA:28,4
DA:30,3
DA:32,2
DA:33,2
DA:37,2
DA:38,0
DA:39,0
DA:41,0
DA:45,2
DA:47,3
DA:48,2
DA:50,1
DA:53,2
LF:29
LH:26
BRDA:14,0,0,1
BRDA:14,0,1,2
BRDA:26,1,0,1
BRDA:26,1,1,4
BRDA:30,2,0,1
BRDA:30,2,1,2
BRDA:39,3,0,0
BRDA:39,3,1,0
BRDA:48,4,0,1
BRDA:48,4,1,1
BRF:10
BRH:8
end_of_record
TN:
SF:routes\comments.js
FN:11,(anonymous_0)
FN:18,(anonymous_1)
FN:58,(anonymous_2)
FNF:3
FNH:0
FNDA:0,(anonymous_0)
FNDA:0,(anonymous_1)
FNDA:0,(anonymous_2)
DA:1,2
DA:2,2
DA:3,2
DA:4,2
DA:9,2
DA:11,2
DA:12,0
DA:13,0
DA:18,2
DA:20,0
DA:21,0
DA:23,0
DA:24,0
DA:25,0
DA:30,0
DA:31,0
DA:33,0
DA:34,0
DA:36,0
DA:49,0
DA:50,0
DA:51,0
DA:52,0
DA:58,2
DA:60,0
DA:61,0
DA:62,0
DA:64,0
DA:74,2
LF:29
LH:9
BRDA:21,0,0,0
BRDA:21,0,1,0
BRDA:23,1,0,0
BRDA:23,1,1,0
BRDA:25,2,0,0
BRDA:25,2,1,0
BRDA:31,3,0,0
BRDA:31,3,1,0
BRDA:34,4,0,0
BRDA:34,4,1,0
BRDA:61,5,0,0
BRDA:61,5,1,0
BRF:12
BRH:0
end_of_record
TN:
SF:routes\suggestions.js
FN:10,(anonymous_0)
FN:15,(anonymous_1)
FN:39,(anonymous_2)
FN:66,(anonymous_3)
FN:77,(anonymous_4)
FN:84,(anonymous_5)
FNF:6
FNH:5
FNDA:1,(anonymous_0)
FNDA:5,(anonymous_1)
FNDA:6,(anonymous_2)
FNDA:0,(anonymous_3)
FNDA:3,(anonymous_4)
FNDA:3,(anonymous_5)
DA:1,2
DA:2,2
DA:3,2
DA:4,2
DA:5,2
DA:8,2
DA:10,2
DA:11,1
DA:12,1
DA:15,2
DA:16,5
DA:17,5
DA:19,3
DA:20,3
DA:23,2
DA:34,2
DA:35,2
DA:39,2
DA:41,6
DA:42,6
DA:44,5
DA:45,5
DA:47,4
DA:60,3
DA:61,2
DA:62,2
DA:66,2
DA:68,0
DA:69,0
DA:71,0
DA:72,0
DA:73,0
DA:77,2
DA:78,3
DA:79,2
DA:80,1
DA:84,2
DA:86,3
DA:87,2
DA:89,1
DA:91,1
DA:101,2
LF:42
LH:37
BRDA:17,0,0,2
BRDA:17,0,1,3
BRDA:20,1,0,1
BRDA:20,1,1,2
BRDA:42,2,0,1
BRDA:42,2,1,5
BRDA:45,3,0,1
BRDA:45,3,1,4
BRDA:60,4,0,1
BRDA:60,4,1,2
BRDA:69,5,0,0
BRDA:69,5,1,0
BRDA:79,6,0,1
BRDA:79,6,1,1
BRDA:87,7,0,1
BRDA:87,7,1,1
BRF:16
BRH:14
end_of_record
TN:
SF:routes\users.js
FN:7,(anonymous_0)
FN:12,(anonymous_1)
FNF:2
FNH:0
FNDA:0,(anonymous_0)
FNDA:0,(anonymous_1)
DA:1,2
DA:2,2
DA:3,2
DA:5,2
DA:7,2
DA:8,0
DA:9,0
DA:12,2
DA:13,0
DA:14,0
DA:16,0
DA:17,0
DA:19,0
DA:26,0
DA:27,0
DA:28,0
DA:30,0
DA:31,0
DA:36,2
LF:19
LH:7
BRDA:14,0,0,0
BRDA:14,0,1,0
BRDA:17,1,0,0
BRDA:17,1,1,0
BRF:4
BRH:0
end_of_record
TN:
SF:startup\config.js
FN:4,(anonymous_0)
FNF:1
FNH:1
FNDA:2,(anonymous_0)
DA:1,2
DA:4,2
DA:5,2
DA:6,0
DA:7,0
LF:5
LH:3
BRDA:5,0,0,0
BRDA:5,0,1,2
BRF:2
BRH:1
end_of_record
TN:
SF:startup\db.js
FN:7,(anonymous_0)
FN:9,(anonymous_1)
FNF:2
FNH:2
FNDA:2,(anonymous_0)
FNDA:2,(anonymous_1)
DA:1,2
DA:2,2
DA:3,2
DA:7,2
DA:8,2
DA:9,2
LF:6
LH:6
BRF:0
BRH:0
end_of_record
TN:
SF:startup\logger.js
FN:5,(anonymous_0)
FNF:1
FNH:1
FNDA:2,(anonymous_0)
DA:1,2
DA:2,2
DA:5,2
DA:6,2
LF:4
LH:4
BRF:0
BRH:0
end_of_record
TN:
SF:startup\routes.js
FN:5,(anonymous_0)
FNF:1
FNH:1
FNDA:2,(anonymous_0)
DA:1,2
DA:2,2
DA:3,2
DA:5,2
DA:7,2
DA:8,2
DA:9,2
DA:10,2
DA:11,2
DA:12,2
DA:13,2
DA:14,2
LF:12
LH:12
BRF:0
BRH:0
end_of_record
TN:
SF:startup\validation.js
FN:3,(anonymous_0)
FNF:1
FNH:1
FNDA:2,(anonymous_0)
DA:1,2
DA:3,2
DA:4,2
LF:3
LH:3
BRF:0
BRH:0
end_of_record
